Loaded 50198 samples from /home/hice1/smanoli3/scratch/datasets/unified_dataset/flame_vqa_train.json
Loaded 10756 samples from /home/hice1/smanoli3/scratch/datasets/unified_dataset/flame_vqa_val.json
Loaded 10756 samples from /home/hice1/smanoli3/scratch/datasets/unified_dataset/flame_vqa_test.json
Created dataloaders for classification mode:
  Train: 50198 samples, 1569 batches
  Val: 10756 samples, 337 batches
  Test: 10756 samples, 337 batches
Training on device: cuda
Train samples: 50198, Val samples: 10756, Test samples: 10756

📊 Class Weights Applied:
  No Fire (class 0): 0.8865
  Fire (class 1): 1.1469
  Ratio: 0.77:1 (No Fire is weighted 0.8x more)

Epoch 1/1 [Train]: 100%|██████████████████████████████████████████████████████████████████████████████████████████████████████████████████████████████████| 1569/1569 [06:53<00:00,  3.79it/s, loss=8.83e-5]
Epoch 1/1 [Val]: 100%|████████████████████████████████████████████████████████████████████████████████████████████████████████████████████████████████████████████████████| 337/337 [01:44<00:00,  3.23it/s]
Epoch 1: Train Loss: 0.0553, Train Acc: 0.9888, Val Loss: 0.0173, Val Acc: 0.9957
Model saved with validation accuracy: 0.9957
Evaluating: 100%|█████████████████████████████████████████████████████████████████████████████████████████████████████████████████████████████████████████████████████████| 337/337 [01:45<00:00,  3.20it/s]

============================================================
DETAILED EVALUATION RESULTS
============================================================

Overall Accuracy: 0.9959

Per-Class Performance:
              precision    recall  f1-score   support

     No Fire     0.9936    0.9992    0.9964      6067
        Fire     0.9989    0.9917    0.9953      4689

    accuracy                         0.9959     10756
   macro avg     0.9963    0.9954    0.9958     10756
weighted avg     0.9959    0.9959    0.9959     10756


Confusion Matrix:
                Predicted
              No Fire  Fire
Actual No Fire    6062       5
       Fire         39    4650

Per-Class Accuracy:
  No Fire: 0.9992 (6062/6067)
  Fire:    0.9917 (4650/4689)

Prediction Distribution:
  Predicted Fire: 4655/10756 (43.3%)
  Predicted No Fire: 6101/10756 (56.7%)

Baseline (always predict majority): 0.5641
Model improvement over baseline: 0.4319 (76.6%)