(vlm_firewatch_env) [smanoli3@atl1-1-03-012-23-0 data]$ python process_datasets.py 
Generating aggregation plan...

📋 AGGREGATION PLAN
Total datasets configured: 3
Available datasets: 4
Expected total samples: ~47338 (FLAME3 + FlameVision + FLAME + Places365)

Dataset details:
  FLAME: ✅ Available
    Path: /home/hice1/smanoli3/scratch/datasets/FLAME/Training
    Expected: ~1000-2000 (varies by structure)
  FLAME3: ✅ Available
    Path: /home/hice1/smanoli3/scratch/datasets/flame3/FLAME 3 CV Dataset (Sycan Marsh)
    Expected: 738 (622 Fire + 116 No Fire quartets)
  FlameVision: ✅ Available
    Path: /home/hice1/smanoli3/scratch/datasets/flamevision/Classification
    Expected: 8600 (5000 fire + 3600 no-fire)
  Places365: ✅ Available
    Path: /home/hice1/smanoli3/scratch/datasets/places365
    Expected: 36500 (36500 no-fire)

🚀 Starting aggregation of 4 available datasets...
============================================================
STARTING DATASET AGGREGATION
============================================================

🔄 Loading FLAME dataset from: /home/hice1/smanoli3/scratch/datasets/FLAME/Training
Processing FLAME fire images from /home/hice1/smanoli3/scratch/datasets/FLAME/Training/Fire...
100%|█████████████████████████████████████████████████████████████████████████████████████████████████████████████████████████████████████████████████████████████| 25018/25018 [00:00<00:00, 142814.31it/s]
Loaded 25018 samples from original FLAME
✅ Successfully loaded 25018 samples from FLAME

🔄 Loading FLAME3 dataset from: /home/hice1/smanoli3/scratch/datasets/flame3/FLAME 3 CV Dataset (Sycan Marsh)
Found FLAME3 structure at /home/hice1/smanoli3/scratch/datasets/flame3/FLAME 3 CV Dataset (Sycan Marsh)
Processing FLAME3 Fire images...
  Processing Raw images...
  Raw: 100%|██████████████████████████████████████████████████████████████████████████████████████████████████████████████████████████████████████████████████████████| 622/622 [00:00<00:00, 122240.52it/s]
  Processing Corrected FOV images...
  Corrected FOV: 100%|████████████████████████████████████████████████████████████████████████████████████████████████████████████████████████████████████████████████| 622/622 [00:00<00:00, 123689.41it/s]
  Processing Thermal images...
  Thermal: 0it [00:00, ?it/s]
Processing FLAME3 No Fire images...
  Processing Raw images...
  Raw: 100%|██████████████████████████████████████████████████████████████████████████████████████████████████████████████████████████████████████████████████████████| 116/116 [00:00<00:00, 122461.43it/s]
  Processing Corrected FOV images...
  Corrected FOV: 100%|████████████████████████████████████████████████████████████████████████████████████████████████████████████████████████████████████████████████| 116/116 [00:00<00:00, 120939.41it/s]
  Processing Raw JPG images...
  Raw JPG: 100%|██████████████████████████████████████████████████████████████████████████████████████████████████████████████████████████████████████████████████████| 116/116 [00:00<00:00, 116816.15it/s]
  Processing Celsius TIFF images...
  Celsius TIFF: 0it [00:00, ?it/s]
Loaded 1592 samples from FLAME3
✅ Successfully loaded 1592 samples from FLAME3

🔄 Loading FlameVision dataset from: /home/hice1/smanoli3/scratch/datasets/flamevision/Classification
Found FlameVision at /home/hice1/smanoli3/scratch/datasets/flamevision/Classification
Processing FlameVision train/fire images...
100%|███████████████████████████████████████████████████████████████████████████████████████████████████████████████████████████████████████████████████████████████| 3600/3600 [00:00<00:00, 136368.10it/s]
Processing FlameVision train/no_fire images...
100%|████████████████████████████████████████████████████████████████████████████████████████████████████████████████████████████████████████████████████████████████| 3200/3200 [00:00<00:00, 30405.35it/s]
Processing FlameVision valid/fire images...
100%|█████████████████████████████████████████████████████████████████████████████████████████████████████████████████████████████████████████████████████████████████| 700/700 [00:00<00:00, 141994.14it/s]
Processing FlameVision valid/no_fire images...
100%|█████████████████████████████████████████████████████████████████████████████████████████████████████████████████████████████████████████████████████████████████| 200/200 [00:00<00:00, 117471.05it/s]
Processing FlameVision test/fire images...
100%|█████████████████████████████████████████████████████████████████████████████████████████████████████████████████████████████████████████████████████████████████| 700/700 [00:00<00:00, 143872.83it/s]
Processing FlameVision test/no_fire images...
100%|█████████████████████████████████████████████████████████████████████████████████████████████████████████████████████████████████████████████████████████████████| 200/200 [00:00<00:00, 135234.69it/s]
Loaded 8600 samples from FlameVision
✅ Successfully loaded 8600 samples from FlameVision

🔄 Loading Places365 dataset from: /home/hice1/smanoli3/scratch/datasets/places365

🔄 Loading Places365 validation dataset...
  Downloading Places365 validation set (this may take a few minutes)...
  ✅ Downloaded 36500 images
  Available categories: 365
  Processing images...
  Extracting samples: 100%|███████████████████████████████████████████████████████████████████████████████████████████████████████████████████████████████████████████| 36500/36500 [08:49<00:00, 68.89it/s]
  ✅ Successfully loaded 36500 NoFire samples from Places365
✅ Successfully loaded 36500 NoFire samples from Places365

============================================================
AGGREGATION COMPLETE - Total samples: 71710
============================================================
  FLAME: 25018 samples
  FLAME3: 1592 samples
  FlameVision: 8600 samples
  Places365: 36500 samples

==================================================
DATASET STATISTICS
==================================================
Total samples: 71710
Fire samples: 31262 (43.6%)
No-fire samples: 40448 (56.4%)
Thermal data available: 1592 (2.2%)

By dataset:
  FLAME: 25018 samples (34.9%)
  FLAME3: 1592 samples (2.2%)
  FlameVision: 8600 samples (12.0%)
  Places365: 36500 samples (50.9%)
==================================================

Grouping Analysis:
  Total samples: 71710
  Unique videos: 46955
  Fire videos: 6507, No-fire videos: 40448

✅ Split Results:
  Train: 50198 (70.0%) - Target: 70.0%
  Val: 10756 (15.0%) - Target: 15.0%
  Test: 10756 (15.0%) - Target: 15.0%
  Train fire ratio: 43.6%
  Val fire ratio: 43.6%
  Test fire ratio: 43.6%
Saved 50198 samples to /home/hice1/smanoli3/scratch/datasets/unified_dataset/flame_vqa_train.json
Saved 10756 samples to /home/hice1/smanoli3/scratch/datasets/unified_dataset/flame_vqa_val.json
Saved 10756 samples to /home/hice1/smanoli3/scratch/datasets/unified_dataset/flame_vqa_test.json
Saved 71710 samples to /home/hice1/smanoli3/scratch/datasets/unified_dataset/flame_vqa_complete.json

Sample VQA item:
{
  "image": "places365_val_028522.jpg",
  "conversations": [
    {
      "question": "Are there flames visible in this thermal/RGB image?",
      "answer": "No, there is no wildfire present."
    }
  ],
  "metadata": {
    "source_dataset": "Places365",
    "thermal_available": false,
    "confidence": 0.95,
    "has_fire": false,
    "original_path": "/home/hice1/smanoli3/scratch/datasets/places365/processed_nofire_samples/places365_val_028522.jpg",
    "original_split": "validation",
    "scene_category": "/o/ocean"
  }
}

VQA conversion complete!
Files saved to: /home/hice1/smanoli3/scratch/datasets/unified_dataset